{"/home/tiemi/Desktop/SAP003-md-links/lib/index.js": {"path":"/home/tiemi/Desktop/SAP003-md-links/lib/index.js","statementMap":{"0":{"start":{"line":3,"column":11},"end":{"line":3,"column":24}},"1":{"start":{"line":5,"column":16},"end":{"line":23,"column":1}},"2":{"start":{"line":6,"column":16},"end":{"line":6,"column":43}},"3":{"start":{"line":7,"column":14},"end":{"line":7,"column":16}},"4":{"start":{"line":8,"column":2},"end":{"line":22,"column":5}},"5":{"start":{"line":9,"column":4},"end":{"line":21,"column":7}},"6":{"start":{"line":10,"column":6},"end":{"line":20,"column":7}},"7":{"start":{"line":11,"column":8},"end":{"line":11,"column":28}},"8":{"start":{"line":13,"column":22},"end":{"line":13,"column":39}},"9":{"start":{"line":14,"column":8},"end":{"line":18,"column":11}},"10":{"start":{"line":15,"column":24},"end":{"line":15,"column":52}},"11":{"start":{"line":16,"column":23},"end":{"line":16,"column":53}},"12":{"start":{"line":17,"column":10},"end":{"line":17,"column":36}},"13":{"start":{"line":19,"column":8},"end":{"line":19,"column":21}},"14":{"start":{"line":25,"column":0},"end":{"line":25,"column":25}}},"fnMap":{"0":{"name":"(anonymous_0)","decl":{"start":{"line":5,"column":16},"end":{"line":5,"column":17}},"loc":{"start":{"line":5,"column":26},"end":{"line":23,"column":1}},"line":5},"1":{"name":"(anonymous_1)","decl":{"start":{"line":8,"column":21},"end":{"line":8,"column":22}},"loc":{"start":{"line":8,"column":42},"end":{"line":22,"column":3}},"line":8},"2":{"name":"(anonymous_2)","decl":{"start":{"line":9,"column":30},"end":{"line":9,"column":31}},"loc":{"start":{"line":9,"column":45},"end":{"line":21,"column":5}},"line":9},"3":{"name":"(anonymous_3)","decl":{"start":{"line":14,"column":22},"end":{"line":14,"column":23}},"loc":{"start":{"line":14,"column":33},"end":{"line":18,"column":9}},"line":14}},"branchMap":{"0":{"loc":{"start":{"line":10,"column":6},"end":{"line":20,"column":7}},"type":"if","locations":[{"start":{"line":10,"column":6},"end":{"line":20,"column":7}},{"start":{"line":10,"column":6},"end":{"line":20,"column":7}}],"line":10}},"s":{"0":1,"1":1,"2":2,"3":2,"4":2,"5":2,"6":2,"7":1,"8":1,"9":1,"10":3,"11":3,"12":3,"13":1,"14":1},"f":{"0":2,"1":2,"2":2,"3":3},"b":{"0":[1,1]},"_coverageSchema":"43e27e138ebf9cfc5966b082cf9a028302ed4184","hash":"fce8b37228e9f2ad33b4edd95e62c77b22a4290d"}
}
